  [1m[35m (0.1ms)[0m  [1m[34mSELECT sqlite_version(*)[0m
  ↳ bin/rails:9
  [1m[35m (2.4ms)[0m  [1m[35mCREATE TABLE "schema_migrations" ("version" varchar NOT NULL PRIMARY KEY)[0m
  ↳ bin/rails:9
  [1m[35m (1.7ms)[0m  [1m[35mCREATE TABLE "ar_internal_metadata" ("key" varchar NOT NULL PRIMARY KEY, "value" varchar, "created_at" datetime NOT NULL, "updated_at" datetime NOT NULL)[0m
  ↳ bin/rails:9
  [1m[35m (0.2ms)[0m  [1m[34mSELECT "schema_migrations"."version" FROM "schema_migrations" ORDER BY "schema_migrations"."version" ASC[0m
  ↳ bin/rails:9
Migrating to CreatePins (20190130180912)
  [1m[35m (0.1ms)[0m  [1m[36mbegin transaction[0m
  ↳ bin/rails:9
  [1m[35m (0.5ms)[0m  [1m[35mCREATE TABLE "pins" ("id" integer PRIMARY KEY AUTOINCREMENT NOT NULL, "url" varchar, "created_at" datetime NOT NULL, "updated_at" datetime NOT NULL)[0m
  ↳ db/migrate/20190130180912_create_pins.rb:3
  [1m[36mActiveRecord::SchemaMigration Create (0.5ms)[0m  [1m[32mINSERT INTO "schema_migrations" ("version") VALUES (?)[0m  [["version", "20190130180912"]]
  ↳ bin/rails:9
  [1m[35m (1.1ms)[0m  [1m[36mcommit transaction[0m
  ↳ bin/rails:9
Migrating to CreateUsers (20190130181040)
  [1m[35m (0.1ms)[0m  [1m[36mbegin transaction[0m
  ↳ bin/rails:9
  [1m[35m (0.4ms)[0m  [1m[35mCREATE TABLE "users" ("id" integer PRIMARY KEY AUTOINCREMENT NOT NULL, "first_name" varchar, "last_name" varchar, "email" varchar, "created_at" datetime NOT NULL, "updated_at" datetime NOT NULL)[0m
  ↳ db/migrate/20190130181040_create_users.rb:3
  [1m[36mActiveRecord::SchemaMigration Create (0.2ms)[0m  [1m[32mINSERT INTO "schema_migrations" ("version") VALUES (?)[0m  [["version", "20190130181040"]]
  ↳ bin/rails:9
  [1m[35m (1.3ms)[0m  [1m[36mcommit transaction[0m
  ↳ bin/rails:9
Migrating to CreateComments (20190130181130)
  [1m[35m (0.1ms)[0m  [1m[36mbegin transaction[0m
  ↳ bin/rails:9
  [1m[35m (0.4ms)[0m  [1m[35mCREATE TABLE "comments" ("id" integer PRIMARY KEY AUTOINCREMENT NOT NULL, "content" text, "created_at" datetime NOT NULL, "updated_at" datetime NOT NULL)[0m
  ↳ db/migrate/20190130181130_create_comments.rb:3
  [1m[36mActiveRecord::SchemaMigration Create (0.2ms)[0m  [1m[32mINSERT INTO "schema_migrations" ("version") VALUES (?)[0m  [["version", "20190130181130"]]
  ↳ bin/rails:9
  [1m[35m (0.9ms)[0m  [1m[36mcommit transaction[0m
  ↳ bin/rails:9
  [1m[36mActiveRecord::InternalMetadata Load (0.4ms)[0m  [1m[34mSELECT  "ar_internal_metadata".* FROM "ar_internal_metadata" WHERE "ar_internal_metadata"."key" = ? LIMIT ?[0m  [["key", "environment"], ["LIMIT", 1]]
  ↳ bin/rails:9
  [1m[35m (0.1ms)[0m  [1m[36mbegin transaction[0m
  ↳ bin/rails:9
  [1m[36mActiveRecord::InternalMetadata Create (0.5ms)[0m  [1m[32mINSERT INTO "ar_internal_metadata" ("key", "value", "created_at", "updated_at") VALUES (?, ?, ?, ?)[0m  [["key", "environment"], ["value", "development"], ["created_at", "2019-01-30 18:13:06.736930"], ["updated_at", "2019-01-30 18:13:06.736930"]]
  ↳ bin/rails:9
  [1m[35m (1.1ms)[0m  [1m[36mcommit transaction[0m
  ↳ bin/rails:9
  [1m[35m (0.2ms)[0m  [1m[34mSELECT "schema_migrations"."version" FROM "schema_migrations" ORDER BY "schema_migrations"."version" ASC[0m
  ↳ bin/rails:9
  [1m[35m (0.1ms)[0m  [1m[34mSELECT "schema_migrations"."version" FROM "schema_migrations" ORDER BY "schema_migrations"."version" ASC[0m
  ↳ bin/rails:9
  [1m[35m (0.1ms)[0m  [1m[34mSELECT "schema_migrations"."version" FROM "schema_migrations" ORDER BY "schema_migrations"."version" ASC[0m
  ↳ bin/rails:9
  [1m[35m (0.1ms)[0m  [1m[34mSELECT "schema_migrations"."version" FROM "schema_migrations" ORDER BY "schema_migrations"."version" ASC[0m
  ↳ bin/rails:9
  [1m[35m (0.1ms)[0m  [1m[34mSELECT "schema_migrations"."version" FROM "schema_migrations" ORDER BY "schema_migrations"."version" ASC[0m
  ↳ bin/rails:9
Migrating to CreateComments (20190130181130)
  [1m[35m (0.0ms)[0m  [1m[36mbegin transaction[0m
  ↳ bin/rails:9
  [1m[35m (0.5ms)[0m  [1m[35mDROP TABLE "comments"[0m
  ↳ bin/rails:9
  [1m[36mActiveRecord::SchemaMigration Destroy (0.2ms)[0m  [1m[31mDELETE FROM "schema_migrations" WHERE "schema_migrations"."version" = ?[0m  [["version", "20190130181130"]]
  ↳ bin/rails:9
  [1m[35m (1.2ms)[0m  [1m[36mcommit transaction[0m
  ↳ bin/rails:9
  [1m[35m (0.2ms)[0m  [1m[34mSELECT "schema_migrations"."version" FROM "schema_migrations" ORDER BY "schema_migrations"."version" ASC[0m
  ↳ bin/rails:9
  [1m[35m (0.1ms)[0m  [1m[34mSELECT "schema_migrations"."version" FROM "schema_migrations" ORDER BY "schema_migrations"."version" ASC[0m
  ↳ bin/rails:9
  [1m[35m (0.1ms)[0m  [1m[34mSELECT "schema_migrations"."version" FROM "schema_migrations" ORDER BY "schema_migrations"."version" ASC[0m
  ↳ bin/rails:9
  [1m[35m (0.1ms)[0m  [1m[34mSELECT "schema_migrations"."version" FROM "schema_migrations" ORDER BY "schema_migrations"."version" ASC[0m
  ↳ bin/rails:9
  [1m[35m (0.1ms)[0m  [1m[34mSELECT "schema_migrations"."version" FROM "schema_migrations" ORDER BY "schema_migrations"."version" ASC[0m
  ↳ bin/rails:9
Migrating to CreateUsers (20190130181040)
  [1m[35m (0.0ms)[0m  [1m[36mbegin transaction[0m
  ↳ bin/rails:9
  [1m[35m (0.5ms)[0m  [1m[35mDROP TABLE "users"[0m
  ↳ bin/rails:9
  [1m[36mActiveRecord::SchemaMigration Destroy (0.2ms)[0m  [1m[31mDELETE FROM "schema_migrations" WHERE "schema_migrations"."version" = ?[0m  [["version", "20190130181040"]]
  ↳ bin/rails:9
  [1m[35m (1.6ms)[0m  [1m[36mcommit transaction[0m
  ↳ bin/rails:9
  [1m[35m (0.1ms)[0m  [1m[34mSELECT "schema_migrations"."version" FROM "schema_migrations" ORDER BY "schema_migrations"."version" ASC[0m
  ↳ bin/rails:9
  [1m[35m (0.1ms)[0m  [1m[34mSELECT "schema_migrations"."version" FROM "schema_migrations" ORDER BY "schema_migrations"."version" ASC[0m
  ↳ bin/rails:9
  [1m[35m (0.1ms)[0m  [1m[34mSELECT "schema_migrations"."version" FROM "schema_migrations" ORDER BY "schema_migrations"."version" ASC[0m
  ↳ bin/rails:9
  [1m[35m (0.1ms)[0m  [1m[34mSELECT "schema_migrations"."version" FROM "schema_migrations" ORDER BY "schema_migrations"."version" ASC[0m
  ↳ bin/rails:9
  [1m[35m (0.1ms)[0m  [1m[34mSELECT "schema_migrations"."version" FROM "schema_migrations" ORDER BY "schema_migrations"."version" ASC[0m
  ↳ bin/rails:9
Migrating to CreatePins (20190130180912)
  [1m[35m (0.1ms)[0m  [1m[36mbegin transaction[0m
  ↳ bin/rails:9
  [1m[35m (0.5ms)[0m  [1m[35mDROP TABLE "pins"[0m
  ↳ bin/rails:9
  [1m[36mActiveRecord::SchemaMigration Destroy (0.2ms)[0m  [1m[31mDELETE FROM "schema_migrations" WHERE "schema_migrations"."version" = ?[0m  [["version", "20190130180912"]]
  ↳ bin/rails:9
  [1m[35m (1.7ms)[0m  [1m[36mcommit transaction[0m
  ↳ bin/rails:9
  [1m[35m (0.1ms)[0m  [1m[34mSELECT "schema_migrations"."version" FROM "schema_migrations" ORDER BY "schema_migrations"."version" ASC[0m
  ↳ bin/rails:9
  [1m[35m (0.1ms)[0m  [1m[34mSELECT "schema_migrations"."version" FROM "schema_migrations" ORDER BY "schema_migrations"."version" ASC[0m
  ↳ bin/rails:9
Migrating to CreatePins (20190130180912)
  [1m[35m (0.1ms)[0m  [1m[36mbegin transaction[0m
  ↳ bin/rails:9
  [1m[35m (0.1ms)[0m  [1m[34mSELECT sqlite_version(*)[0m
  ↳ db/migrate/20190130180912_create_pins.rb:3
  [1m[35m (0.5ms)[0m  [1m[35mCREATE TABLE "pins" ("id" integer PRIMARY KEY AUTOINCREMENT NOT NULL, "user_id" integer, "url" varchar, "created_at" datetime NOT NULL, "updated_at" datetime NOT NULL)[0m
  ↳ db/migrate/20190130180912_create_pins.rb:3
  [1m[35m (0.1ms)[0m  [1m[35mCREATE  INDEX "index_pins_on_user_id" ON "pins" ("user_id")[0m
  ↳ db/migrate/20190130180912_create_pins.rb:3
  [1m[36mActiveRecord::SchemaMigration Create (0.2ms)[0m  [1m[32mINSERT INTO "schema_migrations" ("version") VALUES (?)[0m  [["version", "20190130180912"]]
  ↳ bin/rails:9
  [1m[35m (1.0ms)[0m  [1m[36mcommit transaction[0m
  ↳ bin/rails:9
Migrating to CreateUsers (20190130181040)
  [1m[35m (0.0ms)[0m  [1m[36mbegin transaction[0m
  ↳ bin/rails:9
  [1m[35m (0.4ms)[0m  [1m[35mCREATE TABLE "users" ("id" integer PRIMARY KEY AUTOINCREMENT NOT NULL, "first_name" varchar, "last_name" varchar, "email" varchar, "created_at" datetime NOT NULL, "updated_at" datetime NOT NULL)[0m
  ↳ db/migrate/20190130181040_create_users.rb:3
  [1m[36mActiveRecord::SchemaMigration Create (0.2ms)[0m  [1m[32mINSERT INTO "schema_migrations" ("version") VALUES (?)[0m  [["version", "20190130181040"]]
  ↳ bin/rails:9
  [1m[35m (0.9ms)[0m  [1m[36mcommit transaction[0m
  ↳ bin/rails:9
Migrating to CreateComments (20190130181130)
  [1m[35m (0.1ms)[0m  [1m[36mbegin transaction[0m
  ↳ bin/rails:9
  [1m[35m (0.4ms)[0m  [1m[35mCREATE TABLE "comments" ("id" integer PRIMARY KEY AUTOINCREMENT NOT NULL, "user_id" integer, "pin_id" integer, "content" text, "created_at" datetime NOT NULL, "updated_at" datetime NOT NULL)[0m
  ↳ db/migrate/20190130181130_create_comments.rb:3
  [1m[35m (0.1ms)[0m  [1m[35mCREATE  INDEX "index_comments_on_user_id" ON "comments" ("user_id")[0m
  ↳ db/migrate/20190130181130_create_comments.rb:3
  [1m[35m (0.1ms)[0m  [1m[35mCREATE  INDEX "index_comments_on_pin_id" ON "comments" ("pin_id")[0m
  ↳ db/migrate/20190130181130_create_comments.rb:3
  [1m[36mActiveRecord::SchemaMigration Create (0.1ms)[0m  [1m[32mINSERT INTO "schema_migrations" ("version") VALUES (?)[0m  [["version", "20190130181130"]]
  ↳ bin/rails:9
  [1m[35m (1.0ms)[0m  [1m[36mcommit transaction[0m
  ↳ bin/rails:9
  [1m[36mActiveRecord::InternalMetadata Load (0.1ms)[0m  [1m[34mSELECT  "ar_internal_metadata".* FROM "ar_internal_metadata" WHERE "ar_internal_metadata"."key" = ? LIMIT ?[0m  [["key", "environment"], ["LIMIT", 1]]
  ↳ bin/rails:9
  [1m[35m (0.1ms)[0m  [1m[36mbegin transaction[0m
  ↳ bin/rails:9
  [1m[35m (0.0ms)[0m  [1m[36mcommit transaction[0m
  ↳ bin/rails:9
  [1m[35m (0.1ms)[0m  [1m[34mSELECT "schema_migrations"."version" FROM "schema_migrations" ORDER BY "schema_migrations"."version" ASC[0m
  ↳ bin/rails:9
  [1m[35m (0.1ms)[0m  [1m[34mSELECT "schema_migrations"."version" FROM "schema_migrations" ORDER BY "schema_migrations"."version" ASC[0m
  ↳ bin/rails:9
  [1m[36mUser Load (0.3ms)[0m  [1m[34mSELECT "users".* FROM "users"[0m
  ↳ db/seeds.rb:11
  [1m[36mPin Load (0.2ms)[0m  [1m[34mSELECT "pins".* FROM "pins"[0m
  ↳ db/seeds.rb:12
  [1m[36mComment Load (0.5ms)[0m  [1m[34mSELECT "comments".* FROM "comments"[0m
  ↳ db/seeds.rb:13
  [1m[35m (0.1ms)[0m  [1m[36mbegin transaction[0m
  ↳ db/seeds.rb:21
  [1m[36mUser Create (0.5ms)[0m  [1m[32mINSERT INTO "users" ("first_name", "last_name", "email", "created_at", "updated_at") VALUES (?, ?, ?, ?, ?)[0m  [["first_name", "Mercedez"], ["last_name", "Vandervort"], ["email", "mercedez@example.com"], ["created_at", "2019-01-30 18:26:07.190046"], ["updated_at", "2019-01-30 18:26:07.190046"]]
  ↳ db/seeds.rb:21
  [1m[35m (1.0ms)[0m  [1m[36mcommit transaction[0m
  ↳ db/seeds.rb:21
  [1m[35m (0.0ms)[0m  [1m[36mbegin transaction[0m
  ↳ db/seeds.rb:21
  [1m[36mUser Create (0.3ms)[0m  [1m[32mINSERT INTO "users" ("first_name", "last_name", "email", "created_at", "updated_at") VALUES (?, ?, ?, ?, ?)[0m  [["first_name", "Gwen"], ["last_name", "Streich"], ["email", "gwen@example.com"], ["created_at", "2019-01-30 18:26:07.193624"], ["updated_at", "2019-01-30 18:26:07.193624"]]
  ↳ db/seeds.rb:21
  [1m[35m (1.0ms)[0m  [1m[36mcommit transaction[0m
  ↳ db/seeds.rb:21
  [1m[35m (0.0ms)[0m  [1m[36mbegin transaction[0m
  ↳ db/seeds.rb:21
  [1m[36mUser Create (0.3ms)[0m  [1m[32mINSERT INTO "users" ("first_name", "last_name", "email", "created_at", "updated_at") VALUES (?, ?, ?, ?, ?)[0m  [["first_name", "Dustin"], ["last_name", "Labadie"], ["email", "dustin@example.com"], ["created_at", "2019-01-30 18:26:07.196618"], ["updated_at", "2019-01-30 18:26:07.196618"]]
  ↳ db/seeds.rb:21
  [1m[35m (0.9ms)[0m  [1m[36mcommit transaction[0m
  ↳ db/seeds.rb:21
  [1m[35m (0.1ms)[0m  [1m[36mbegin transaction[0m
  ↳ db/seeds.rb:21
  [1m[36mUser Create (0.6ms)[0m  [1m[32mINSERT INTO "users" ("first_name", "last_name", "email", "created_at", "updated_at") VALUES (?, ?, ?, ?, ?)[0m  [["first_name", "Etsuko"], ["last_name", "Gleason"], ["email", "etsuko@example.net"], ["created_at", "2019-01-30 18:26:07.199915"], ["updated_at", "2019-01-30 18:26:07.199915"]]
  ↳ db/seeds.rb:21
  [1m[35m (1.0ms)[0m  [1m[36mcommit transaction[0m
  ↳ db/seeds.rb:21
  [1m[35m (0.1ms)[0m  [1m[36mbegin transaction[0m
  ↳ db/seeds.rb:21
  [1m[36mUser Create (0.8ms)[0m  [1m[32mINSERT INTO "users" ("first_name", "last_name", "email", "created_at", "updated_at") VALUES (?, ?, ?, ?, ?)[0m  [["first_name", "Donnie"], ["last_name", "Swift"], ["email", "donnie@example.net"], ["created_at", "2019-01-30 18:26:07.203861"], ["updated_at", "2019-01-30 18:26:07.203861"]]
  ↳ db/seeds.rb:21
  [1m[35m (1.1ms)[0m  [1m[36mcommit transaction[0m
  ↳ db/seeds.rb:21
  [1m[35m (0.0ms)[0m  [1m[36mbegin transaction[0m
  ↳ db/seeds.rb:21
  [1m[36mUser Create (0.3ms)[0m  [1m[32mINSERT INTO "users" ("first_name", "last_name", "email", "created_at", "updated_at") VALUES (?, ?, ?, ?, ?)[0m  [["first_name", "Fredericka"], ["last_name", "Sporer"], ["email", "fredericka@example.org"], ["created_at", "2019-01-30 18:26:07.207469"], ["updated_at", "2019-01-30 18:26:07.207469"]]
  ↳ db/seeds.rb:21
  [1m[35m (0.8ms)[0m  [1m[36mcommit transaction[0m
  ↳ db/seeds.rb:21
  [1m[35m (0.0ms)[0m  [1m[36mbegin transaction[0m
  ↳ db/seeds.rb:21
  [1m[36mUser Create (0.3ms)[0m  [1m[32mINSERT INTO "users" ("first_name", "last_name", "email", "created_at", "updated_at") VALUES (?, ?, ?, ?, ?)[0m  [["first_name", "Irvin"], ["last_name", "Sawayn"], ["email", "irvin@example.org"], ["created_at", "2019-01-30 18:26:07.210081"], ["updated_at", "2019-01-30 18:26:07.210081"]]
  ↳ db/seeds.rb:21
  [1m[35m (0.9ms)[0m  [1m[36mcommit transaction[0m
  ↳ db/seeds.rb:21
  [1m[35m (0.0ms)[0m  [1m[36mbegin transaction[0m
  ↳ db/seeds.rb:21
  [1m[36mUser Create (0.4ms)[0m  [1m[32mINSERT INTO "users" ("first_name", "last_name", "email", "created_at", "updated_at") VALUES (?, ?, ?, ?, ?)[0m  [["first_name", "Hung"], ["last_name", "Casper"], ["email", "hung@example.org"], ["created_at", "2019-01-30 18:26:07.212793"], ["updated_at", "2019-01-30 18:26:07.212793"]]
  ↳ db/seeds.rb:21
  [1m[35m (1.1ms)[0m  [1m[36mcommit transaction[0m
  ↳ db/seeds.rb:21
  [1m[35m (0.1ms)[0m  [1m[36mbegin transaction[0m
  ↳ db/seeds.rb:21
  [1m[36mUser Create (0.4ms)[0m  [1m[32mINSERT INTO "users" ("first_name", "last_name", "email", "created_at", "updated_at") VALUES (?, ?, ?, ?, ?)[0m  [["first_name", "Cherlyn"], ["last_name", "Feeney"], ["email", "cherlyn@example.net"], ["created_at", "2019-01-30 18:26:07.215941"], ["updated_at", "2019-01-30 18:26:07.215941"]]
  ↳ db/seeds.rb:21
  [1m[35m (1.1ms)[0m  [1m[36mcommit transaction[0m
  ↳ db/seeds.rb:21
  [1m[35m (0.0ms)[0m  [1m[36mbegin transaction[0m
  ↳ db/seeds.rb:21
  [1m[36mUser Create (1.7ms)[0m  [1m[32mINSERT INTO "users" ("first_name", "last_name", "email", "created_at", "updated_at") VALUES (?, ?, ?, ?, ?)[0m  [["first_name", "Corey"], ["last_name", "O'Conner"], ["email", "corey@example.com"], ["created_at", "2019-01-30 18:26:07.219128"], ["updated_at", "2019-01-30 18:26:07.219128"]]
  ↳ db/seeds.rb:21
  [1m[35m (1.1ms)[0m  [1m[36mcommit transaction[0m
  ↳ db/seeds.rb:21
  [1m[36mUser Load (0.2ms)[0m  [1m[34mSELECT "users".* FROM "users"[0m
  ↳ db/seeds.rb:25
  [1m[35m (0.1ms)[0m  [1m[36mbegin transaction[0m
  ↳ db/seeds.rb:29
  [1m[36mPin Create (1.3ms)[0m  [1m[32mINSERT INTO "pins" ("user_id", "url", "created_at", "updated_at") VALUES (?, ?, ?, ?)[0m  [["user_id", 10], ["url", "http://example.com/asa"], ["created_at", "2019-01-30 18:26:07.248041"], ["updated_at", "2019-01-30 18:26:07.248041"]]
  ↳ db/seeds.rb:29
  [1m[35m (1.7ms)[0m  [1m[36mcommit transaction[0m
  ↳ db/seeds.rb:29
  [1m[36mUser Load (0.3ms)[0m  [1m[34mSELECT "users".* FROM "users"[0m
  ↳ db/seeds.rb:25
  [1m[35m (0.1ms)[0m  [1m[36mbegin transaction[0m
  ↳ db/seeds.rb:29
  [1m[36mPin Create (0.5ms)[0m  [1m[32mINSERT INTO "pins" ("user_id", "url", "created_at", "updated_at") VALUES (?, ?, ?, ?)[0m  [["user_id", 9], ["url", "http://example.com/aleshia.crona"], ["created_at", "2019-01-30 18:26:07.256323"], ["updated_at", "2019-01-30 18:26:07.256323"]]
  ↳ db/seeds.rb:29
  [1m[35m (1.2ms)[0m  [1m[36mcommit transaction[0m
  ↳ db/seeds.rb:29
  [1m[36mUser Load (0.2ms)[0m  [1m[34mSELECT "users".* FROM "users"[0m
  ↳ db/seeds.rb:25
  [1m[35m (0.1ms)[0m  [1m[36mbegin transaction[0m
  ↳ db/seeds.rb:29
  [1m[36mPin Create (0.5ms)[0m  [1m[32mINSERT INTO "pins" ("user_id", "url", "created_at", "updated_at") VALUES (?, ?, ?, ?)[0m  [["user_id", 9], ["url", "http://example.com/jan"], ["created_at", "2019-01-30 18:26:07.261766"], ["updated_at", "2019-01-30 18:26:07.261766"]]
  ↳ db/seeds.rb:29
  [1m[35m (1.5ms)[0m  [1m[36mcommit transaction[0m
  ↳ db/seeds.rb:29
  [1m[36mUser Load (0.4ms)[0m  [1m[34mSELECT "users".* FROM "users"[0m
  ↳ db/seeds.rb:25
  [1m[35m (0.1ms)[0m  [1m[36mbegin transaction[0m
  ↳ db/seeds.rb:29
  [1m[36mPin Create (0.6ms)[0m  [1m[32mINSERT INTO "pins" ("user_id", "url", "created_at", "updated_at") VALUES (?, ?, ?, ?)[0m  [["user_id", 7], ["url", "http://example.com/towanda"], ["created_at", "2019-01-30 18:26:07.269312"], ["updated_at", "2019-01-30 18:26:07.269312"]]
  ↳ db/seeds.rb:29
  [1m[35m (1.2ms)[0m  [1m[36mcommit transaction[0m
  ↳ db/seeds.rb:29
  [1m[36mUser Load (0.3ms)[0m  [1m[34mSELECT "users".* FROM "users"[0m
  ↳ db/seeds.rb:25
  [1m[35m (0.1ms)[0m  [1m[36mbegin transaction[0m
  ↳ db/seeds.rb:29
  [1m[36mPin Create (0.5ms)[0m  [1m[32mINSERT INTO "pins" ("user_id", "url", "created_at", "updated_at") VALUES (?, ?, ?, ?)[0m  [["user_id", 8], ["url", "http://example.com/esperanza.langosh"], ["created_at", "2019-01-30 18:26:07.275739"], ["updated_at", "2019-01-30 18:26:07.275739"]]
  ↳ db/seeds.rb:29
  [1m[35m (1.0ms)[0m  [1m[36mcommit transaction[0m
  ↳ db/seeds.rb:29
  [1m[36mUser Load (0.2ms)[0m  [1m[34mSELECT "users".* FROM "users"[0m
  ↳ db/seeds.rb:25
  [1m[35m (0.0ms)[0m  [1m[36mbegin transaction[0m
  ↳ db/seeds.rb:29
  [1m[36mPin Create (0.4ms)[0m  [1m[32mINSERT INTO "pins" ("user_id", "url", "created_at", "updated_at") VALUES (?, ?, ?, ?)[0m  [["user_id", 10], ["url", "http://example.com/shelly"], ["created_at", "2019-01-30 18:26:07.279776"], ["updated_at", "2019-01-30 18:26:07.279776"]]
  ↳ db/seeds.rb:29
  [1m[35m (1.2ms)[0m  [1m[36mcommit transaction[0m
  ↳ db/seeds.rb:29
  [1m[36mUser Load (0.2ms)[0m  [1m[34mSELECT "users".* FROM "users"[0m
  ↳ db/seeds.rb:25
  [1m[35m (0.1ms)[0m  [1m[36mbegin transaction[0m
  ↳ db/seeds.rb:29
  [1m[36mPin Create (0.5ms)[0m  [1m[32mINSERT INTO "pins" ("user_id", "url", "created_at", "updated_at") VALUES (?, ?, ?, ?)[0m  [["user_id", 7], ["url", "http://example.com/eugena.quitzon"], ["created_at", "2019-01-30 18:26:07.285554"], ["updated_at", "2019-01-30 18:26:07.285554"]]
  ↳ db/seeds.rb:29
  [1m[35m (1.0ms)[0m  [1m[36mcommit transaction[0m
  ↳ db/seeds.rb:29
  [1m[36mUser Load (0.2ms)[0m  [1m[34mSELECT "users".* FROM "users"[0m
  ↳ db/seeds.rb:25
  [1m[35m (0.0ms)[0m  [1m[36mbegin transaction[0m
  ↳ db/seeds.rb:29
  [1m[36mPin Create (0.4ms)[0m  [1m[32mINSERT INTO "pins" ("user_id", "url", "created_at", "updated_at") VALUES (?, ?, ?, ?)[0m  [["user_id", 5], ["url", "http://example.com/zelda"], ["created_at", "2019-01-30 18:26:07.289832"], ["updated_at", "2019-01-30 18:26:07.289832"]]
  ↳ db/seeds.rb:29
  [1m[35m (1.3ms)[0m  [1m[36mcommit transaction[0m
  ↳ db/seeds.rb:29
  [1m[36mUser Load (0.3ms)[0m  [1m[34mSELECT "users".* FROM "users"[0m
  ↳ db/seeds.rb:25
  [1m[35m (0.0ms)[0m  [1m[36mbegin transaction[0m
  ↳ db/seeds.rb:29
  [1m[36mPin Create (0.4ms)[0m  [1m[32mINSERT INTO "pins" ("user_id", "url", "created_at", "updated_at") VALUES (?, ?, ?, ?)[0m  [["user_id", 8], ["url", "http://example.com/jarvis"], ["created_at", "2019-01-30 18:26:07.294334"], ["updated_at", "2019-01-30 18:26:07.294334"]]
  ↳ db/seeds.rb:29
  [1m[35m (1.2ms)[0m  [1m[36mcommit transaction[0m
  ↳ db/seeds.rb:29
  [1m[36mUser Load (0.2ms)[0m  [1m[34mSELECT "users".* FROM "users"[0m
  ↳ db/seeds.rb:25
  [1m[35m (0.2ms)[0m  [1m[36mbegin transaction[0m
  ↳ db/seeds.rb:29
  [1m[36mPin Create (0.8ms)[0m  [1m[32mINSERT INTO "pins" ("user_id", "url", "created_at", "updated_at") VALUES (?, ?, ?, ?)[0m  [["user_id", 1], ["url", "http://example.com/kira"], ["created_at", "2019-01-30 18:26:07.300000"], ["updated_at", "2019-01-30 18:26:07.300000"]]
  ↳ db/seeds.rb:29
  [1m[35m (1.3ms)[0m  [1m[36mcommit transaction[0m
  ↳ db/seeds.rb:29
  [1m[36mUser Load (0.2ms)[0m  [1m[34mSELECT "users".* FROM "users"[0m
  ↳ db/seeds.rb:35
  [1m[36mPin Load (0.1ms)[0m  [1m[34mSELECT "pins".* FROM "pins"[0m
  ↳ db/seeds.rb:36
  [1m[35m (0.1ms)[0m  [1m[36mbegin transaction[0m
  ↳ db/seeds.rb:37
  [1m[36mComment Create (0.5ms)[0m  [1m[32mINSERT INTO "comments" ("user_id", "pin_id", "content", "created_at", "updated_at") VALUES (?, ?, ?, ?, ?)[0m  [["user_id", 8], ["pin_id", 4], ["content", "Gambrel indescribable unnamable mortal. Fainted iridescence cyclopean amorphous. Charnel stygian effulgence immemorial accursed. Decadent madness loathsome eldritch unmentionable effulgence lurk squamous."], ["created_at", "2019-01-30 18:26:07.313363"], ["updated_at", "2019-01-30 18:26:07.313363"]]
  ↳ db/seeds.rb:37
  [1m[35m (1.1ms)[0m  [1m[36mcommit transaction[0m
  ↳ db/seeds.rb:37
  [1m[36mUser Load (0.4ms)[0m  [1m[34mSELECT "users".* FROM "users"[0m
  ↳ db/seeds.rb:35
  [1m[36mPin Load (0.3ms)[0m  [1m[34mSELECT "pins".* FROM "pins"[0m
  ↳ db/seeds.rb:36
  [1m[35m (0.1ms)[0m  [1m[36mbegin transaction[0m
  ↳ db/seeds.rb:37
  [1m[36mComment Create (0.5ms)[0m  [1m[32mINSERT INTO "comments" ("user_id", "pin_id", "content", "created_at", "updated_at") VALUES (?, ?, ?, ?, ?)[0m  [["user_id", 10], ["pin_id", 2], ["content", "Mortal cyclopean shunned antediluvian fainted. Accursed indescribable ululate mortal dank. Blasphemous antiquarian eldritch. Mortal spectral nameless squamous unutterable comprehension. Singular shunned stygian."], ["created_at", "2019-01-30 18:26:07.320616"], ["updated_at", "2019-01-30 18:26:07.320616"]]
  ↳ db/seeds.rb:37
  [1m[35m (1.2ms)[0m  [1m[36mcommit transaction[0m
  ↳ db/seeds.rb:37
  [1m[36mUser Load (0.2ms)[0m  [1m[34mSELECT "users".* FROM "users"[0m
  ↳ db/seeds.rb:35
  [1m[36mPin Load (0.1ms)[0m  [1m[34mSELECT "pins".* FROM "pins"[0m
  ↳ db/seeds.rb:36
  [1m[35m (0.1ms)[0m  [1m[36mbegin transaction[0m
  ↳ db/seeds.rb:37
  [1m[36mComment Create (0.4ms)[0m  [1m[32mINSERT INTO "comments" ("user_id", "pin_id", "content", "created_at", "updated_at") VALUES (?, ?, ?, ?, ?)[0m  [["user_id", 3], ["pin_id", 10], ["content", "Tentacles blasphemous unnamable mortal decadent hideous antediluvian. Immemorial tenebrous dank. Dank foetid madness unmentionable. Daemoniac blasphemous spectral non-euclidean indescribable fainted."], ["created_at", "2019-01-30 18:26:07.326495"], ["updated_at", "2019-01-30 18:26:07.326495"]]
  ↳ db/seeds.rb:37
  [1m[35m (1.1ms)[0m  [1m[36mcommit transaction[0m
  ↳ db/seeds.rb:37
  [1m[36mUser Load (0.2ms)[0m  [1m[34mSELECT "users".* FROM "users"[0m
  ↳ db/seeds.rb:35
  [1m[36mPin Load (0.1ms)[0m  [1m[34mSELECT "pins".* FROM "pins"[0m
  ↳ db/seeds.rb:36
  [1m[35m (0.0ms)[0m  [1m[36mbegin transaction[0m
  ↳ db/seeds.rb:37
  [1m[36mComment Create (0.6ms)[0m  [1m[32mINSERT INTO "comments" ("user_id", "pin_id", "content", "created_at", "updated_at") VALUES (?, ?, ?, ?, ?)[0m  [["user_id", 9], ["pin_id", 4], ["content", "Eldritch tenebrous fungus dank amorphous. Nameless tentacles madness iridescence non-euclidean stygian. Immemorial gibbering cyclopean. Gibbering madness abnormal squamous cat noisome unutterable unmentionable."], ["created_at", "2019-01-30 18:26:07.331280"], ["updated_at", "2019-01-30 18:26:07.331280"]]
  ↳ db/seeds.rb:37
  [1m[35m (1.5ms)[0m  [1m[36mcommit transaction[0m
  ↳ db/seeds.rb:37
  [1m[36mUser Load (0.3ms)[0m  [1m[34mSELECT "users".* FROM "users"[0m
  ↳ db/seeds.rb:35
  [1m[36mPin Load (0.1ms)[0m  [1m[34mSELECT "pins".* FROM "pins"[0m
  ↳ db/seeds.rb:36
  [1m[35m (0.0ms)[0m  [1m[36mbegin transaction[0m
  ↳ db/seeds.rb:37
  [1m[36mComment Create (0.4ms)[0m  [1m[32mINSERT INTO "comments" ("user_id", "pin_id", "content", "created_at", "updated_at") VALUES (?, ?, ?, ?, ?)[0m  [["user_id", 2], ["pin_id", 3], ["content", "Effulgence accursed tentacles spectral comprehension cyclopean amorphous. Tenebrous antediluvian blasphemous. Cat loathsome ululate non-euclidean spectral immemorial. Furtive dank mortal shunned tentacles madness effulgence."], ["created_at", "2019-01-30 18:26:07.340064"], ["updated_at", "2019-01-30 18:26:07.340064"]]
  ↳ db/seeds.rb:37
  [1m[35m (1.1ms)[0m  [1m[36mcommit transaction[0m
  ↳ db/seeds.rb:37
  [1m[36mUser Load (0.2ms)[0m  [1m[34mSELECT "users".* FROM "users"[0m
  ↳ db/seeds.rb:35
  [1m[36mPin Load (0.1ms)[0m  [1m[34mSELECT "pins".* FROM "pins"[0m
  ↳ db/seeds.rb:36
  [1m[35m (0.1ms)[0m  [1m[36mbegin transaction[0m
  ↳ db/seeds.rb:37
  [1m[36mComment Create (0.5ms)[0m  [1m[32mINSERT INTO "comments" ("user_id", "pin_id", "content", "created_at", "updated_at") VALUES (?, ?, ?, ?, ?)[0m  [["user_id", 9], ["pin_id", 1], ["content", "Antiquarian unmentionable mortal manuscript stygian hideous antediluvian. Tenebrous swarthy abnormal lurk indescribable antiquarian non-euclidean. Charnel squamous indescribable immemorial spectral. Hideous iridescence manuscript unutterable gambrel indescribable. Fainted cat decadent dank daemoniac indescribable gibbering."], ["created_at", "2019-01-30 18:26:07.347021"], ["updated_at", "2019-01-30 18:26:07.347021"]]
  ↳ db/seeds.rb:37
  [1m[35m (1.2ms)[0m  [1m[36mcommit transaction[0m
  ↳ db/seeds.rb:37
  [1m[36mUser Load (0.3ms)[0m  [1m[34mSELECT "users".* FROM "users"[0m
  ↳ db/seeds.rb:35
  [1m[36mPin Load (0.2ms)[0m  [1m[34mSELECT "pins".* FROM "pins"[0m
  ↳ db/seeds.rb:36
  [1m[35m (0.0ms)[0m  [1m[36mbegin transaction[0m
  ↳ db/seeds.rb:37
  [1m[36mComment Create (0.4ms)[0m  [1m[32mINSERT INTO "comments" ("user_id", "pin_id", "content", "created_at", "updated_at") VALUES (?, ?, ?, ?, ?)[0m  [["user_id", 6], ["pin_id", 6], ["content", "Dank unutterable tenebrous noisome eldritch madness unnamable iridescence. Iridescence daemoniac furtive squamous tenebrous hideous unnamable. Dank unmentionable blasphemous shunned noisome eldritch. Squamous nameless swarthy gibbous gambrel effulgence. Charnel cyclopean immemorial swarthy."], ["created_at", "2019-01-30 18:26:07.353812"], ["updated_at", "2019-01-30 18:26:07.353812"]]
  ↳ db/seeds.rb:37
  [1m[35m (1.0ms)[0m  [1m[36mcommit transaction[0m
  ↳ db/seeds.rb:37
  [1m[36mUser Load (0.2ms)[0m  [1m[34mSELECT "users".* FROM "users"[0m
  ↳ db/seeds.rb:35
  [1m[36mPin Load (0.1ms)[0m  [1m[34mSELECT "pins".* FROM "pins"[0m
  ↳ db/seeds.rb:36
  [1m[35m (0.0ms)[0m  [1m[36mbegin transaction[0m
  ↳ db/seeds.rb:37
  [1m[36mComment Create (0.4ms)[0m  [1m[32mINSERT INTO "comments" ("user_id", "pin_id", "content", "created_at", "updated_at") VALUES (?, ?, ?, ?, ?)[0m  [["user_id", 4], ["pin_id", 6], ["content", "Immemorial fungus decadent squamous charnel furtive unutterable gambrel. Unnamable unmentionable daemoniac decadent. Indescribable noisome tenebrous blasphemous tentacles unutterable gibbering stygian. Antediluvian noisome madness charnel tentacles furtive. Unnamable fainted stench."], ["created_at", "2019-01-30 18:26:07.358318"], ["updated_at", "2019-01-30 18:26:07.358318"]]
  ↳ db/seeds.rb:37
  [1m[35m (1.2ms)[0m  [1m[36mcommit transaction[0m
  ↳ db/seeds.rb:37
  [1m[36mUser Load (0.2ms)[0m  [1m[34mSELECT "users".* FROM "users"[0m
  ↳ db/seeds.rb:35
  [1m[36mPin Load (0.1ms)[0m  [1m[34mSELECT "pins".* FROM "pins"[0m
  ↳ db/seeds.rb:36
  [1m[35m (0.0ms)[0m  [1m[36mbegin transaction[0m
  ↳ db/seeds.rb:37
  [1m[36mComment Create (0.4ms)[0m  [1m[32mINSERT INTO "comments" ("user_id", "pin_id", "content", "created_at", "updated_at") VALUES (?, ?, ?, ?, ?)[0m  [["user_id", 4], ["pin_id", 9], ["content", "Swarthy singular stench eldritch blasphemous. Tentacles fungus comprehension gambrel noisome. Unutterable loathsome nameless blasphemous ululate. Furtive immemorial tentacles. Furtive gibbous madness blasphemous."], ["created_at", "2019-01-30 18:26:07.363167"], ["updated_at", "2019-01-30 18:26:07.363167"]]
  ↳ db/seeds.rb:37
  [1m[35m (0.9ms)[0m  [1m[36mcommit transaction[0m
  ↳ db/seeds.rb:37
  [1m[36mUser Load (0.1ms)[0m  [1m[34mSELECT "users".* FROM "users"[0m
  ↳ db/seeds.rb:35
  [1m[36mPin Load (0.1ms)[0m  [1m[34mSELECT "pins".* FROM "pins"[0m
  ↳ db/seeds.rb:36
  [1m[35m (0.0ms)[0m  [1m[36mbegin transaction[0m
  ↳ db/seeds.rb:37
  [1m[36mComment Create (0.4ms)[0m  [1m[32mINSERT INTO "comments" ("user_id", "pin_id", "content", "created_at", "updated_at") VALUES (?, ?, ?, ?, ?)[0m  [["user_id", 7], ["pin_id", 2], ["content", "Madness blasphemous non-euclidean fungus gibbering. Spectral swarthy mortal ululate daemoniac foetid. Decadent stygian madness swarthy comprehension furtive shunned indescribable. Immemorial amorphous abnormal iridescence antediluvian cat stench nameless. Eldritch nameless indescribable madness unmentionable."], ["created_at", "2019-01-30 18:26:07.368335"], ["updated_at", "2019-01-30 18:26:07.368335"]]
  ↳ db/seeds.rb:37
  [1m[35m (1.1ms)[0m  [1m[36mcommit transaction[0m
  ↳ db/seeds.rb:37
  [1m[36mUser Load (0.1ms)[0m  [1m[34mSELECT "users".* FROM "users"[0m
  ↳ db/seeds.rb:35
  [1m[36mPin Load (0.1ms)[0m  [1m[34mSELECT "pins".* FROM "pins"[0m
  ↳ db/seeds.rb:36
  [1m[35m (0.0ms)[0m  [1m[36mbegin transaction[0m
  ↳ db/seeds.rb:37
  [1m[36mComment Create (0.4ms)[0m  [1m[32mINSERT INTO "comments" ("user_id", "pin_id", "content", "created_at", "updated_at") VALUES (?, ?, ?, ?, ?)[0m  [["user_id", 1], ["pin_id", 3], ["content", "Tentacles gambrel swarthy fungus. Singular hideous foetid stench swarthy decadent iridescence. Noisome swarthy dank eldritch."], ["created_at", "2019-01-30 18:26:07.372832"], ["updated_at", "2019-01-30 18:26:07.372832"]]
  ↳ db/seeds.rb:37
  [1m[35m (1.0ms)[0m  [1m[36mcommit transaction[0m
  ↳ db/seeds.rb:37
  [1m[36mUser Load (0.2ms)[0m  [1m[34mSELECT "users".* FROM "users"[0m
  ↳ db/seeds.rb:35
  [1m[36mPin Load (0.1ms)[0m  [1m[34mSELECT "pins".* FROM "pins"[0m
  ↳ db/seeds.rb:36
  [1m[35m (0.0ms)[0m  [1m[36mbegin transaction[0m
  ↳ db/seeds.rb:37
  [1m[36mComment Create (0.4ms)[0m  [1m[32mINSERT INTO "comments" ("user_id", "pin_id", "content", "created_at", "updated_at") VALUES (?, ?, ?, ?, ?)[0m  [["user_id", 10], ["pin_id", 4], ["content", "Dank gambrel blasphemous accursed fainted spectral madness. Unutterable lurk nameless abnormal iridescence amorphous tenebrous. Unnamable comprehension daemoniac effulgence gibbering immemorial unutterable."], ["created_at", "2019-01-30 18:26:07.377599"], ["updated_at", "2019-01-30 18:26:07.377599"]]
  ↳ db/seeds.rb:37
  [1m[35m (1.3ms)[0m  [1m[36mcommit transaction[0m
  ↳ db/seeds.rb:37
  [1m[36mUser Load (0.2ms)[0m  [1m[34mSELECT "users".* FROM "users"[0m
  ↳ db/seeds.rb:35
  [1m[36mPin Load (0.1ms)[0m  [1m[34mSELECT "pins".* FROM "pins"[0m
  ↳ db/seeds.rb:36
  [1m[35m (0.0ms)[0m  [1m[36mbegin transaction[0m
  ↳ db/seeds.rb:37
  [1m[36mComment Create (0.4ms)[0m  [1m[32mINSERT INTO "comments" ("user_id", "pin_id", "content", "created_at", "updated_at") VALUES (?, ?, ?, ?, ?)[0m  [["user_id", 2], ["pin_id", 2], ["content", "Antiquarian blasphemous madness. Antediluvian ululate stench noisome. Cat amorphous gibbous loathsome charnel gambrel shunned. Unnamable singular loathsome immemorial indescribable squamous."], ["created_at", "2019-01-30 18:26:07.382668"], ["updated_at", "2019-01-30 18:26:07.382668"]]
  ↳ db/seeds.rb:37
  [1m[35m (1.2ms)[0m  [1m[36mcommit transaction[0m
  ↳ db/seeds.rb:37
  [1m[36mUser Load (0.2ms)[0m  [1m[34mSELECT "users".* FROM "users"[0m
  ↳ db/seeds.rb:35
  [1m[36mPin Load (0.1ms)[0m  [1m[34mSELECT "pins".* FROM "pins"[0m
  ↳ db/seeds.rb:36
  [1m[35m (0.0ms)[0m  [1m[36mbegin transaction[0m
  ↳ db/seeds.rb:37
  [1m[36mComment Create (0.5ms)[0m  [1m[32mINSERT INTO "comments" ("user_id", "pin_id", "content", "created_at", "updated_at") VALUES (?, ?, ?, ?, ?)[0m  [["user_id", 5], ["pin_id", 7], ["content", "Non-euclidean cat dank accursed noisome cyclopean comprehension abnormal. Amorphous non-euclidean foetid antiquarian manuscript madness accursed. Cat loathsome shunned fainted. Eldritch accursed tentacles gibbous. Cat gambrel decadent madness gibbous antediluvian amorphous furtive."], ["created_at", "2019-01-30 18:26:07.387683"], ["updated_at", "2019-01-30 18:26:07.387683"]]
  ↳ db/seeds.rb:37
  [1m[35m (1.3ms)[0m  [1m[36mcommit transaction[0m
  ↳ db/seeds.rb:37
  [1m[36mUser Load (0.2ms)[0m  [1m[34mSELECT "users".* FROM "users"[0m
  ↳ db/seeds.rb:35
  [1m[36mPin Load (0.1ms)[0m  [1m[34mSELECT "pins".* FROM "pins"[0m
  ↳ db/seeds.rb:36
  [1m[35m (0.1ms)[0m  [1m[36mbegin transaction[0m
  ↳ db/seeds.rb:37
  [1m[36mComment Create (0.4ms)[0m  [1m[32mINSERT INTO "comments" ("user_id", "pin_id", "content", "created_at", "updated_at") VALUES (?, ?, ?, ?, ?)[0m  [["user_id", 10], ["pin_id", 3], ["content", "Ululate comprehension furtive antiquarian spectral blasphemous iridescence immemorial. Shunned abnormal comprehension cat antediluvian stygian blasphemous squamous. Dank gambrel eldritch. Indescribable foetid hideous."], ["created_at", "2019-01-30 18:26:07.394882"], ["updated_at", "2019-01-30 18:26:07.394882"]]
  ↳ db/seeds.rb:37
  [1m[35m (1.1ms)[0m  [1m[36mcommit transaction[0m
  ↳ db/seeds.rb:37
